<?xml version="1.0" encoding="UTF-8"?>
<checkstyle version="12.1.1">
<file name="D:\CODE\Java\megabasterd\src\...\AboutDialog.java">
<error line="10" column="1" severity="warning" message="'package' should be separated from previous line." source="com.puppycrawl.tools.checkstyle.checks.whitespace.EmptyLineSeparatorCheck"/>
<error line="12" column="51" severity="warning" message="Using the '.*' form of import should be avoided - com.tonikelope.megabasterd.MainPanel.*." source="com.puppycrawl.tools.checkstyle.checks.imports.AvoidStarImportCheck"/>
...
</file>
<file name="D:\CODE\Java\megabasterd\src\...\ChunkDownloader.java">
...
<error line="28" severity="warning" message="Summary javadoc is missing." source="com.puppycrawl.tools.checkstyle.checks.javadoc.SummaryJavadocCheck"/>
...
<error line="235" column="5" severity="warning" message="'method def rcurly' has incorrect indentation level 4, expected level should be 2." source="com.puppycrawl.tools.checkstyle.checks.indentation.IndentationCheck"/>
</file>
<file name="D:\CODE\Java\megabasterd\src\...\MegaProxyServer.java">
...
<error line="72" column="37" severity="warning" message="Empty catch block." source="com.puppycrawl.tools.checkstyle.checks.blocks.EmptyCatchBlockCheck"/>
...
<error line="93" severity="warning" message="Line is longer than 100 characters (found 129)." source="com.puppycrawl.tools.checkstyle.checks.sizes.LineLengthCheck"/>
...
</file>
<file name="D:\CODE\Java\megabasterd\src\...\UploadView.java">
<error line="16" column="1" severity="warning" message="Import statement for 'java.lang.Integer.MAX_VALUE' is in the wrong order. Should be in the 'STATIC' group, expecting not assigned imports on this line." source="com.puppycrawl.tools.checkstyle.checks.imports.CustomImportOrderCheck"/>
<error line="428" column="5" severity="warning" message="WhitespaceAround: '}' is not followed by whitespace. Empty blocks may only be represented as {} when not part of a multi-block statement (4.1.3)" source="com.puppycrawl.tools.checkstyle.checks.whitespace.WhitespaceAroundCheck"/>
<error line="552" column="17" severity="warning" message="Abbreviation in name 'updateCBC' must contain no more than '1' consecutive capital letters." source="com.puppycrawl.tools.checkstyle.checks.naming.AbbreviationAsWordInNameCheck"/>
...
</file>
</checkstyle>
